<?xml version="1.0" encoding="UTF-8"?>
<!-- Generated by org.testng.reporters.JUnitReportReporter -->
<testsuite hostname="NATARAJAN-PC" failures="0" tests="2" name="PageObjectModel.LoginTestCase" time="1.899" errors="0" timestamp="2024-05-24T16:23:09 IST" skipped="0">
  <testcase classname="PageObjectModel.LoginTestCase" name="testLogo" time="0.203"/>
  <testcase classname="PageObjectModel.LoginTestCase" name="testLogin" time="1.696"/>
</testsuite> <!-- PageObjectModel.LoginTestCase -->
