<?xml version="1.0" encoding="UTF-8"?>
<!-- Generated by org.testng.reporters.JUnitReportReporter -->
<testsuite hostname="NATARAJAN-PC" failures="0" tests="4" name="TestNG.ParallelTesting" time="0.417" errors="0" timestamp="2024-05-24T16:27:21 IST" skipped="0">
  <testcase classname="TestNG.ParallelTesting" name="testLogo" time="0.172"/>
  <testcase classname="TestNG.ParallelTesting" name="testLogo" time="0.167"/>
  <testcase classname="TestNG.ParallelTesting" name="testHomePageTitle" time="0.047"/>
  <testcase classname="TestNG.ParallelTesting" name="testHomePageTitle" time="0.031"/>
</testsuite> <!-- TestNG.ParallelTesting -->
